d:\windows\programming\school\cse 471\practice\audioprocess\debug\audioprocess.pch
d:\windows\programming\school\cse 471\practice\audioprocess\debug\vc120.pdb
d:\windows\programming\school\cse 471\practice\audioprocess\debug\vc120.idb
d:\windows\programming\school\cse 471\practice\audioprocess\debug\stdafx.obj
d:\windows\programming\school\cse 471\practice\audioprocess\debug\audiogeneratedoc.obj
d:\windows\programming\school\cse 471\practice\audioprocess\debug\audiogenerateview.obj
d:\windows\programming\school\cse 471\practice\audioprocess\debug\audioprocess.obj
d:\windows\programming\school\cse 471\practice\audioprocess\debug\audioprocessdoc.obj
d:\windows\programming\school\cse 471\practice\audioprocess\debug\audioprocessview.obj
d:\windows\programming\school\cse 471\practice\audioprocess\debug\dirsound.obj
d:\windows\programming\school\cse 471\practice\audioprocess\debug\dirsoundsource.obj
d:\windows\programming\school\cse 471\practice\audioprocess\debug\dirsoundstream.obj
d:\windows\programming\school\cse 471\practice\audioprocess\debug\wave.obj
d:\windows\programming\school\cse 471\practice\audioprocess\debug\waveformbuffer.obj
d:\windows\programming\school\cse 471\practice\audioprocess\debug\waveformwnd.obj
d:\windows\programming\school\cse 471\practice\audioprocess\debug\childfrm.obj
d:\windows\programming\school\cse 471\practice\audioprocess\debug\generatedlg.obj
d:\windows\programming\school\cse 471\practice\audioprocess\debug\mainfrm.obj
d:\windows\programming\school\cse 471\practice\audioprocess\debug\processdlg.obj
d:\windows\programming\school\cse 471\practice\audioprocess\debug\progress.obj
d:\windows\programming\school\cse 471\practice\audioprocess\debug\progressdlg.obj
d:\windows\programming\school\cse 471\practice\debug\audioprocess.ilk
d:\windows\programming\school\cse 471\practice\debug\audioprocess.exe
d:\windows\programming\school\cse 471\practice\debug\audioprocess.pdb
d:\windows\programming\school\cse 471\practice\audioprocess\debug\audioprocess.res
d:\windows\programming\school\cse 471\practice\audioprocess\debug\audioprocess.tlog\cl.command.1.tlog
d:\windows\programming\school\cse 471\practice\audioprocess\debug\audioprocess.tlog\cl.read.1.tlog
d:\windows\programming\school\cse 471\practice\audioprocess\debug\audioprocess.tlog\cl.write.1.tlog
d:\windows\programming\school\cse 471\practice\audioprocess\debug\audioprocess.tlog\link.command.1.tlog
d:\windows\programming\school\cse 471\practice\audioprocess\debug\audioprocess.tlog\link.read.1.tlog
d:\windows\programming\school\cse 471\practice\audioprocess\debug\audioprocess.tlog\link.write.1.tlog
d:\windows\programming\school\cse 471\practice\audioprocess\debug\audioprocess.tlog\rc.command.1.tlog
d:\windows\programming\school\cse 471\practice\audioprocess\debug\audioprocess.tlog\rc.read.1.tlog
d:\windows\programming\school\cse 471\practice\audioprocess\debug\audioprocess.tlog\rc.write.1.tlog
